<?xml version="1.0" encoding="UTF-8"?>
<!-- Generated by org.testng.reporters.JUnitReportReporter -->
<testsuite hostname="DESKTOP-T039J2V" failures="0" tests="3" name="com.herokuapp.tests.AlertsTests" time="14.428" errors="0" timestamp="2024-04-18T23:45:32 CEST" skipped="0">
  <testcase classname="com.herokuapp.tests.AlertsTests" name="alertConfirmSelectTest" time="5.275"/>
  <testcase classname="com.herokuapp.tests.AlertsTests" name="alertSendMessageToAlertTest" time="4.364"/>
  <testcase classname="com.herokuapp.tests.AlertsTests" name="alertSimpleTest" time="4.789"/>
</testsuite> <!-- com.herokuapp.tests.AlertsTests -->
